<?xml version="1.0" encoding="UTF-8"?>
<testsuite xmlns:xsi="http://www.w3.org/2001/XMLSchema-instance" xsi:noNamespaceSchemaLocation="https://maven.apache.org/surefire/maven-surefire-plugin/xsd/surefire-test-report-3.0.xsd" version="3.0" name="org.eql.Myfirstsoaptest.SoapTest" time="5.858" tests="1" errors="0" skipped="0" failures="0">
  <properties>
[...]
</properties>
  <testcase name="JunitTest1" classname="org.eql.Myfirstsoaptest.SoapTest" time="5.851">
    <system-out><![CDATA[16:58:42,901 INFO  [DefaultSoapUICore] initialized soapui-settings from [C:\Users\formation\soapui-settings.xml]
16:58:43,531 INFO  [PluginManager] 0 plugins loaded in 1 ms
16:58:43,531 INFO  [DefaultSoapUICore] All plugins loaded
16:58:44,019 INFO  [WsdlProject] Loaded project from [file:/C:/Users/formation/Desktop/Wiem/Cours%20Autom%20_%20Part%202/1-%20Test%20de%20webservices%20avec%20SoapUI/Maven_SoapUI%20Project/Myfirstsoaptest/src/test/resources/NOAA.xml]
2021-12-06 16:58:44 INFO  SoapTest:38 - ******Running ndfdXMLBinding TestSuite***********
2021-12-06 16:58:44 INFO  SoapTest:43 - ******Running LatLonListZipCode TestCase***********
16:58:44,172 DEBUG [HttpClientSupport$SoapUIHttpClient] Attempt 1 to execute request
16:58:44,172 DEBUG [SoapUIMultiThreadedHttpConnectionManager$SoapUIDefaultClientConnection] Sending request: POST /xml/SOAP_server/ndfdXMLserver.php HTTP/1.1
16:58:44,828 DEBUG [SoapUIMultiThreadedHttpConnectionManager$SoapUIDefaultClientConnection] Receiving response: HTTP/1.1 200 OK
16:58:44,831 DEBUG [HttpClientSupport$SoapUIHttpClient] Connection can be kept alive indefinitely
16:58:44,865 WARN  [AbstractSoapVersion] Ignoring validation error: error: cvc-complex-type.3.2.2: Attribute not allowed: encodingStyle@http://schemas.xmlsoap.org/soap/envelope/ in element Envelope@http://schemas.xmlsoap.org/soap/envelope/
16:58:44,882 DEBUG [HttpClientSupport$SoapUIHttpClient] Stale connection check
16:58:44,883 DEBUG [HttpClientSupport$SoapUIHttpClient] Attempt 1 to execute request
16:58:44,883 DEBUG [SoapUIMultiThreadedHttpConnectionManager$SoapUIDefaultClientConnection] Sending request: POST /xml/SOAP_server/ndfdXMLserver.php HTTP/1.1
16:58:45,505 DEBUG [SoapUIMultiThreadedHttpConnectionManager$SoapUIDefaultClientConnection] Receiving response: HTTP/1.1 200 OK
16:58:45,506 DEBUG [HttpClientSupport$SoapUIHttpClient] Connection can be kept alive indefinitely
16:58:45,508 WARN  [AbstractSoapVersion] Ignoring validation error: error: cvc-complex-type.3.2.2: Attribute not allowed: encodingStyle@http://schemas.xmlsoap.org/soap/envelope/ in element Envelope@http://schemas.xmlsoap.org/soap/envelope/
16:58:45,509 DEBUG [HttpClientSupport$SoapUIHttpClient] Stale connection check
16:58:45,512 DEBUG [HttpClientSupport$SoapUIHttpClient] Attempt 1 to execute request
16:58:45,512 DEBUG [SoapUIMultiThreadedHttpConnectionManager$SoapUIDefaultClientConnection] Sending request: POST /xml/SOAP_server/ndfdXMLserver.php HTTP/1.1
16:58:46,115 DEBUG [SoapUIMultiThreadedHttpConnectionManager$SoapUIDefaultClientConnection] Receiving response: HTTP/1.1 200 OK
16:58:46,116 DEBUG [HttpClientSupport$SoapUIHttpClient] Connection can be kept alive indefinitely
16:58:46,120 WARN  [AbstractSoapVersion] Ignoring validation error: error: cvc-complex-type.3.2.2: Attribute not allowed: encodingStyle@http://schemas.xmlsoap.org/soap/envelope/ in element Envelope@http://schemas.xmlsoap.org/soap/envelope/
16:58:46,121 DEBUG [HttpClientSupport$SoapUIHttpClient] Stale connection check
16:58:46,122 DEBUG [HttpClientSupport$SoapUIHttpClient] Attempt 1 to execute request
16:58:46,122 DEBUG [SoapUIMultiThreadedHttpConnectionManager$SoapUIDefaultClientConnection] Sending request: POST /xml/SOAP_server/ndfdXMLserver.php HTTP/1.1
16:58:46,734 DEBUG [SoapUIMultiThreadedHttpConnectionManager$SoapUIDefaultClientConnection] Receiving response: HTTP/1.1 200 OK
16:58:46,734 DEBUG [HttpClientSupport$SoapUIHttpClient] Connection can be kept alive indefinitely
16:58:46,737 WARN  [AbstractSoapVersion] Ignoring validation error: error: cvc-complex-type.3.2.2: Attribute not allowed: encodingStyle@http://schemas.xmlsoap.org/soap/envelope/ in element Envelope@http://schemas.xmlsoap.org/soap/envelope/
2021-12-06 16:58:46 INFO  SoapTest:43 - ******Running LatLonListCityNames TestCase***********
16:58:46,739 DEBUG [HttpClientSupport$SoapUIHttpClient] Stale connection check
16:58:46,741 DEBUG [HttpClientSupport$SoapUIHttpClient] Attempt 1 to execute request
16:58:46,741 DEBUG [SoapUIMultiThreadedHttpConnectionManager$SoapUIDefaultClientConnection] Sending request: POST /xml/SOAP_server/ndfdXMLserver.php HTTP/1.1
16:58:47,276 DEBUG [SoapUIMultiThreadedHttpConnectionManager$SoapUIDefaultClientConnection] Receiving response: HTTP/1.1 200 OK
16:58:47,277 DEBUG [HttpClientSupport$SoapUIHttpClient] Connection can be kept alive indefinitely
16:58:47,282 WARN  [AbstractSoapVersion] Ignoring validation error: error: cvc-complex-type.3.2.2: Attribute not allowed: encodingStyle@http://schemas.xmlsoap.org/soap/envelope/ in element Envelope@http://schemas.xmlsoap.org/soap/envelope/
2021-12-06 16:58:47 INFO  SoapTest:43 - ******Running LatLonListLine TestCase***********
16:58:47,284 DEBUG [HttpClientSupport$SoapUIHttpClient] Stale connection check
16:58:47,285 DEBUG [HttpClientSupport$SoapUIHttpClient] Attempt 1 to execute request
16:58:47,285 DEBUG [SoapUIMultiThreadedHttpConnectionManager$SoapUIDefaultClientConnection] Sending request: POST /xml/SOAP_server/ndfdXMLserver.php HTTP/1.1
16:58:48,022 DEBUG [SoapUIMultiThreadedHttpConnectionManager$SoapUIDefaultClientConnection] Receiving response: HTTP/1.1 200 OK
16:58:48,022 DEBUG [HttpClientSupport$SoapUIHttpClient] Connection can be kept alive indefinitely
16:58:48,026 WARN  [AbstractSoapVersion] Ignoring validation error: error: cvc-complex-type.3.2.2: Attribute not allowed: encodingStyle@http://schemas.xmlsoap.org/soap/envelope/ in element Envelope@http://schemas.xmlsoap.org/soap/envelope/
2021-12-06 16:58:48 INFO  SoapTest:43 - ******Running LatLonListSquare TestCase***********
16:58:48,028 DEBUG [HttpClientSupport$SoapUIHttpClient] Stale connection check
16:58:48,030 DEBUG [HttpClientSupport$SoapUIHttpClient] Attempt 1 to execute request
16:58:48,030 DEBUG [SoapUIMultiThreadedHttpConnectionManager$SoapUIDefaultClientConnection] Sending request: POST /xml/SOAP_server/ndfdXMLserver.php HTTP/1.1
16:58:48,521 DEBUG [SoapUIMultiThreadedHttpConnectionManager$SoapUIDefaultClientConnection] Receiving response: HTTP/1.1 200 OK
16:58:48,522 DEBUG [HttpClientSupport$SoapUIHttpClient] Connection can be kept alive indefinitely
16:58:48,525 WARN  [AbstractSoapVersion] Ignoring validation error: error: cvc-complex-type.3.2.2: Attribute not allowed: encodingStyle@http://schemas.xmlsoap.org/soap/envelope/ in element Envelope@http://schemas.xmlsoap.org/soap/envelope/
]]></system-out>
  </testcase>
</testsuite>